<?xml version="1.0" encoding="UTF-8"?>
<!-- Generated by org.testng.reporters.JUnitReportReporter -->
<testsuite skipped="3" hostname="Tonimas-MacBook-Air.local" name="assignments.Assignment4FBverification" tests="4" failures="0" timestamp="18 Aug 2017 03:15:06 GMT" time="0.000" errors="1">
  <testcase name="fetchPageText1" time="0.000" classname="assignments.Assignment4FBverification">
    <skipped/>
  </testcase> <!-- fetchPageText1 -->
  <testcase name="fetchPageTitle" time="0.000" classname="assignments.Assignment4FBverification">
    <skipped/>
  </testcase> <!-- fetchPageTitle -->
  <testcase name="fetchPageText2" time="0.000" classname="assignments.Assignment4FBverification">
    <skipped/>
  </testcase> <!-- fetchPageText2 -->
  <testcase name="setUp" time="0.000" classname="assignments.Assignment4FBverification">
    <error type="org.testng.TestNGException" message="
Parameter &#039;browser&#039; is required by BeforeTest on method setUp but has not been marked @Optional or defined
in /private/var/folders/kq/djv8wj7n0cz87qg2_8z1cwv80000gn/T/testng-eclipse-1525968702/testng-customsuite.xml">
      <![CDATA[org.testng.TestNGException: 
Parameter 'browser' is required by BeforeTest on method setUp but has not been marked @Optional or defined
in /private/var/folders/kq/djv8wj7n0cz87qg2_8z1cwv80000gn/T/testng-eclipse-1525968702/testng-customsuite.xml
	at org.testng.internal.Parameters.createParameters(Parameters.java:199)
	at org.testng.internal.Parameters.createParameters(Parameters.java:443)
	at org.testng.internal.Parameters.createConfigurationParameters(Parameters.java:118)
	at org.testng.internal.Invoker.invokeConfigurations(Invoker.java:206)
	at org.testng.internal.Invoker.invokeConfigurations(Invoker.java:146)
	at org.testng.TestRunner.beforeRun(TestRunner.java:626)
	at org.testng.TestRunner.run(TestRunner.java:594)
	at org.testng.SuiteRunner.runTest(SuiteRunner.java:380)
	at org.testng.SuiteRunner.runSequentially(SuiteRunner.java:375)
	at org.testng.SuiteRunner.privateRun(SuiteRunner.java:340)
	at org.testng.SuiteRunner.run(SuiteRunner.java:289)
	at org.testng.SuiteRunnerWorker.runSuite(SuiteRunnerWorker.java:52)
	at org.testng.SuiteRunnerWorker.run(SuiteRunnerWorker.java:86)
	at org.testng.TestNG.runSuitesSequentially(TestNG.java:1301)
	at org.testng.TestNG.runSuitesLocally(TestNG.java:1226)
	at org.testng.TestNG.runSuites(TestNG.java:1144)
	at org.testng.TestNG.run(TestNG.java:1115)
	at org.testng.remote.AbstractRemoteTestNG.run(AbstractRemoteTestNG.java:132)
	at org.testng.remote.RemoteTestNG.initAndRun(RemoteTestNG.java:230)
	at org.testng.remote.RemoteTestNG.main(RemoteTestNG.java:76)
]]>
    </error>
  </testcase> <!-- setUp -->
</testsuite> <!-- assignments.Assignment4FBverification -->
